# JRE version: Java(TM) SE Runtime Environment (17.0.7+8) (build 17.0.7+8-LTS-224)
# Java VM: Java HotSpot(TM) 64-Bit Server VM (17.0.7+8-LTS-224, mixed mode, emulated-client, sharing, tiered, compressed oops, compressed class ptrs, g1 gc, windows-amd64)
GC Precious Log:
 CPUs: 8 total, 8 available
 Memory: 8021M
 Large Page Support: Disabled
 NUMA Support: Disabled
 Compressed Oops: Enabled (32-bit)
 Heap Region Size: 1M
 Heap Min Capacity: 8M
 Heap Initial Capacity: 126M
 Heap Max Capacity: 2006M
 Pre-touch: Disabled
 Parallel Workers: 8
 Concurrent Workers: 2
 Concurrent Refinement Workers: 8
 Periodic GC: Disabled
Heap:
 garbage-first heap   total 86016K, used 61014K [0x0000000082a00000, 0x0000000100000000)
  region size 1024K, 30 young (30720K), 3 survivors (3072K)
 Metaspace       used 72328K, committed 72832K, reserved 1114112K
  class space    used 10569K, committed 10816K, reserved 1048576K
GC Heap History (20 events):
Event: 246.356 GC heap before
{Heap before GC invocations=68 (full 1):
 garbage-first heap   total 71680K, used 57162K [0x0000000082a00000, 0x0000000100000000)
  region size 1024K, 25 young (25600K), 2 survivors (2048K)
 Metaspace       used 70955K, committed 71488K, reserved 1114112K
  class space    used 10436K, committed 10688K, reserved 1048576K
}
Event: 246.360 GC heap after
{Heap after GC invocations=69 (full 1):
 garbage-first heap   total 71680K, used 35964K [0x0000000082a00000, 0x0000000100000000)
  region size 1024K, 4 young (4096K), 4 survivors (4096K)
 Metaspace       used 70955K, committed 71488K, reserved 1114112K
  class space    used 10436K, committed 10688K, reserved 1048576K
}
Event: 248.737 GC heap before
{Heap before GC invocations=69 (full 1):
 garbage-first heap   total 71680K, used 46204K [0x0000000082a00000, 0x0000000100000000)
  region size 1024K, 15 young (15360K), 4 survivors (4096K)
 Metaspace       used 70991K, committed 71488K, reserved 1114112K
  class space    used 10440K, committed 10688K, reserved 1048576K
}
Event: 248.772 GC heap after
{Heap after GC invocations=70 (full 2):
 garbage-first heap   total 71680K, used 28342K [0x0000000082a00000, 0x0000000100000000)
  region size 1024K, 0 young (0K), 0 survivors (0K)
 Metaspace       used 70989K, committed 71488K, reserved 1114112K
  class space    used 10440K, committed 10688K, reserved 1048576K
}
Event: 249.019 GC heap before
{Heap before GC invocations=70 (full 2):
 garbage-first heap   total 71680K, used 54966K [0x0000000082a00000, 0x0000000100000000)
  region size 1024K, 26 young (26624K), 0 survivors (0K)
 Metaspace       used 71166K, committed 71680K, reserved 1114112K
  class space    used 10460K, committed 10688K, reserved 1048576K
}
Event: 249.021 GC heap after
{Heap after GC invocations=71 (full 2):
 garbage-first heap   total 86016K, used 30852K [0x0000000082a00000, 0x0000000100000000)
  region size 1024K, 3 young (3072K), 3 survivors (3072K)
 Metaspace       used 71166K, committed 71680K, reserved 1114112K
  class space    used 10460K, committed 10688K, reserved 1048576K
}
Event: 249.342 GC heap before
{Heap before GC invocations=72 (full 2):
 garbage-first heap   total 86016K, used 64644K [0x0000000082a00000, 0x0000000100000000)
  region size 1024K, 36 young (36864K), 3 survivors (3072K)
 Metaspace       used 71293K, committed 71872K, reserved 1114112K
  class space    used 10480K, committed 10752K, reserved 1048576K
}
Event: 249.345 GC heap after
{Heap after GC invocations=73 (full 2):
 garbage-first heap   total 86016K, used 32675K [0x0000000082a00000, 0x0000000100000000)
  region size 1024K, 5 young (5120K), 5 survivors (5120K)
 Metaspace       used 71293K, committed 71872K, reserved 1114112K
  class space    used 10480K, committed 10752K, reserved 1048576K
}
Event: 249.838 GC heap before
{Heap before GC invocations=73 (full 2):
 garbage-first heap   total 86016K, used 65443K [0x0000000082a00000, 0x0000000100000000)
  region size 1024K, 37 young (37888K), 5 survivors (5120K)
 Metaspace       used 71552K, committed 72064K, reserved 1114112K
  class space    used 10501K, committed 10752K, reserved 1048576K
}
Event: 249.841 GC heap after
{Heap after GC invocations=74 (full 2):
 garbage-first heap   total 86016K, used 34337K [0x0000000082a00000, 0x0000000100000000)
  region size 1024K, 4 young (4096K), 4 survivors (4096K)
 Metaspace       used 71552K, committed 72064K, reserved 1114112K
  class space    used 10501K, committed 10752K, reserved 1048576K
}
Event: 249.937 GC heap before
{Heap before GC invocations=75 (full 2):
 garbage-first heap   total 86016K, used 66081K [0x0000000082a00000, 0x0000000100000000)
  region size 1024K, 35 young (35840K), 4 survivors (4096K)
 Metaspace       used 71720K, committed 72256K, reserved 1114112K
  class space    used 10513K, committed 10752K, reserved 1048576K
}
Event: 249.939 GC heap after
{Heap after GC invocations=76 (full 2):
 garbage-first heap   total 86016K, used 35260K [0x0000000082a00000, 0x0000000100000000)
  region size 1024K, 3 young (3072K), 3 survivors (3072K)
 Metaspace       used 71720K, committed 72256K, reserved 1114112K
  class space    used 10513K, committed 10752K, reserved 1048576K
}
Event: 253.365 GC heap before
{Heap before GC invocations=76 (full 2):
 garbage-first heap   total 86016K, used 67004K [0x0000000082a00000, 0x0000000100000000)
  region size 1024K, 34 young (34816K), 3 survivors (3072K)
 Metaspace       used 71780K, committed 72320K, reserved 1114112K
  class space    used 10516K, committed 10752K, reserved 1048576K
}
Event: 253.368 GC heap after
{Heap after GC invocations=77 (full 2):
 garbage-first heap   total 86016K, used 36427K [0x0000000082a00000, 0x0000000100000000)
  region size 1024K, 3 young (3072K), 3 survivors (3072K)
 Metaspace       used 71780K, committed 72320K, reserved 1114112K
  class space    used 10516K, committed 10752K, reserved 1048576K
}
Event: 262.819 GC heap before
{Heap before GC invocations=78 (full 2):
 garbage-first heap   total 86016K, used 52811K [0x0000000082a00000, 0x0000000100000000)
  region size 1024K, 20 young (20480K), 3 survivors (3072K)
 Metaspace       used 71780K, committed 72320K, reserved 1114112K
  class space    used 10516K, committed 10752K, reserved 1048576K
}
Event: 262.870 GC heap after
{Heap after GC invocations=79 (full 3):
 garbage-first heap   total 86016K, used 28937K [0x0000000082a00000, 0x0000000100000000)
  region size 1024K, 0 young (0K), 0 survivors (0K)
 Metaspace       used 71780K, committed 72320K, reserved 1114112K
  class space    used 10516K, committed 10752K, reserved 1048576K
}
Event: 264.065 GC heap before
{Heap before GC invocations=79 (full 3):
 garbage-first heap   total 86016K, used 66825K [0x0000000082a00000, 0x0000000100000000)
  region size 1024K, 37 young (37888K), 0 survivors (0K)
 Metaspace       used 71987K, committed 72576K, reserved 1114112K
  class space    used 10540K, committed 10816K, reserved 1048576K
}
Event: 264.068 GC heap after
{Heap after GC invocations=80 (full 3):
 garbage-first heap   total 86016K, used 32084K [0x0000000082a00000, 0x0000000100000000)
  region size 1024K, 4 young (4096K), 4 survivors (4096K)
 Metaspace       used 71987K, committed 72576K, reserved 1114112K
  class space    used 10540K, committed 10816K, reserved 1048576K
}
Event: 264.862 GC heap before
{Heap before GC invocations=81 (full 3):
 garbage-first heap   total 86016K, used 65876K [0x0000000082a00000, 0x0000000100000000)
  region size 1024K, 37 young (37888K), 4 survivors (4096K)
 Metaspace       used 72183K, committed 72704K, reserved 1114112K
  class space    used 10561K, committed 10816K, reserved 1048576K
}
Event: 264.865 GC heap after
{Heap after GC invocations=82 (full 3):
 garbage-first heap   total 86016K, used 34390K [0x0000000082a00000, 0x0000000100000000)
  region size 1024K, 3 young (3072K), 3 survivors (3072K)
 Metaspace       used 72183K, committed 72704K, reserved 1114112K
  class space    used 10561K, committed 10816K, reserved 1048576K
}

