# JRE version: Java(TM) SE Runtime Environment (17.0.7+8) (build 17.0.7+8-LTS-224)
# Java VM: Java HotSpot(TM) 64-Bit Server VM (17.0.7+8-LTS-224, mixed mode, emulated-client, sharing, tiered, compressed oops, compressed class ptrs, g1 gc, windows-amd64)
GC Precious Log:
 CPUs: 8 total, 8 available
 Memory: 8021M
 Large Page Support: Disabled
 NUMA Support: Disabled
 Compressed Oops: Enabled (32-bit)
 Heap Region Size: 1M
 Heap Min Capacity: 8M
 Heap Initial Capacity: 126M
 Heap Max Capacity: 2006M
 Pre-touch: Disabled
 Parallel Workers: 8
 Concurrent Workers: 2
 Concurrent Refinement Workers: 8
 Periodic GC: Disabled
Heap:
 garbage-first heap   total 86016K, used 54147K [0x0000000082a00000, 0x0000000100000000)
  region size 1024K, 17 young (17408K), 4 survivors (4096K)
 Metaspace       used 77667K, committed 78272K, reserved 1122304K
  class space    used 11373K, committed 11712K, reserved 1048576K
GC Heap History (20 events):
Event: 17.217 GC heap before
{Heap before GC invocations=24 (full 0):
 garbage-first heap   total 86016K, used 40514K [0x0000000082a00000, 0x0000000100000000)
  region size 1024K, 5 young (5120K), 4 survivors (4096K)
 Metaspace       used 76943K, committed 77632K, reserved 1122304K
  class space    used 11309K, committed 11648K, reserved 1048576K
}
Event: 17.220 GC heap after
{Heap after GC invocations=25 (full 0):
 garbage-first heap   total 86016K, used 39694K [0x0000000082a00000, 0x0000000100000000)
  region size 1024K, 1 young (1024K), 1 survivors (1024K)
 Metaspace       used 76943K, committed 77632K, reserved 1122304K
  class space    used 11309K, committed 11648K, reserved 1048576K
}
Event: 31.026 GC heap before
{Heap before GC invocations=25 (full 0):
 garbage-first heap   total 86016K, used 67342K [0x0000000082a00000, 0x0000000100000000)
  region size 1024K, 29 young (29696K), 1 survivors (1024K)
 Metaspace       used 76991K, committed 77696K, reserved 1122304K
  class space    used 11317K, committed 11648K, reserved 1048576K
}
Event: 31.028 GC heap after
{Heap after GC invocations=26 (full 0):
 garbage-first heap   total 86016K, used 40060K [0x0000000082a00000, 0x0000000100000000)
  region size 1024K, 1 young (1024K), 1 survivors (1024K)
 Metaspace       used 76991K, committed 77696K, reserved 1122304K
  class space    used 11317K, committed 11648K, reserved 1048576K
}
Event: 49.718 GC heap before
{Heap before GC invocations=27 (full 0):
 garbage-first heap   total 86016K, used 69756K [0x0000000082a00000, 0x0000000100000000)
  region size 1024K, 30 young (30720K), 1 survivors (1024K)
 Metaspace       used 76987K, committed 77696K, reserved 1122304K
  class space    used 11316K, committed 11648K, reserved 1048576K
}
Event: 49.719 GC heap after
{Heap after GC invocations=28 (full 0):
 garbage-first heap   total 86016K, used 40365K [0x0000000082a00000, 0x0000000100000000)
  region size 1024K, 2 young (2048K), 2 survivors (2048K)
 Metaspace       used 76987K, committed 77696K, reserved 1122304K
  class space    used 11316K, committed 11648K, reserved 1048576K
}
Event: 51.058 GC heap before
{Heap before GC invocations=28 (full 0):
 garbage-first heap   total 86016K, used 42413K [0x0000000082a00000, 0x0000000100000000)
  region size 1024K, 4 young (4096K), 2 survivors (2048K)
 Metaspace       used 76987K, committed 77696K, reserved 1122304K
  class space    used 11316K, committed 11648K, reserved 1048576K
}
Event: 51.060 GC heap after
{Heap after GC invocations=29 (full 0):
 garbage-first heap   total 86016K, used 40033K [0x0000000082a00000, 0x0000000100000000)
  region size 1024K, 1 young (1024K), 1 survivors (1024K)
 Metaspace       used 76987K, committed 77696K, reserved 1122304K
  class space    used 11316K, committed 11648K, reserved 1048576K
}
Event: 68.967 GC heap before
{Heap before GC invocations=29 (full 0):
 garbage-first heap   total 86016K, used 64609K [0x0000000082a00000, 0x0000000100000000)
  region size 1024K, 26 young (26624K), 1 survivors (1024K)
 Metaspace       used 77107K, committed 77760K, reserved 1122304K
  class space    used 11346K, committed 11648K, reserved 1048576K
}
Event: 69.032 GC heap after
{Heap after GC invocations=30 (full 1):
 garbage-first heap   total 86016K, used 32937K [0x0000000082a00000, 0x0000000100000000)
  region size 1024K, 0 young (0K), 0 survivors (0K)
 Metaspace       used 76935K, committed 77760K, reserved 1122304K
  class space    used 11306K, committed 11648K, reserved 1048576K
}
Event: 70.152 GC heap before
{Heap before GC invocations=30 (full 1):
 garbage-first heap   total 86016K, used 68777K [0x0000000082a00000, 0x0000000100000000)
  region size 1024K, 35 young (35840K), 0 survivors (0K)
 Metaspace       used 77159K, committed 77760K, reserved 1122304K
  class space    used 11335K, committed 11648K, reserved 1048576K
}
Event: 70.156 GC heap after
{Heap after GC invocations=31 (full 1):
 garbage-first heap   total 86016K, used 36110K [0x0000000082a00000, 0x0000000100000000)
  region size 1024K, 4 young (4096K), 4 survivors (4096K)
 Metaspace       used 77159K, committed 77760K, reserved 1122304K
  class space    used 11335K, committed 11648K, reserved 1048576K
}
Event: 71.079 GC heap before
{Heap before GC invocations=31 (full 1):
 garbage-first heap   total 86016K, used 66830K [0x0000000082a00000, 0x0000000100000000)
  region size 1024K, 34 young (34816K), 4 survivors (4096K)
 Metaspace       used 77302K, committed 77888K, reserved 1122304K
  class space    used 11361K, committed 11648K, reserved 1048576K
}
Event: 71.083 GC heap after
{Heap after GC invocations=32 (full 1):
 garbage-first heap   total 86016K, used 38202K [0x0000000082a00000, 0x0000000100000000)
  region size 1024K, 3 young (3072K), 3 survivors (3072K)
 Metaspace       used 77302K, committed 77888K, reserved 1122304K
  class space    used 11361K, committed 11648K, reserved 1048576K
}
Event: 72.163 GC heap before
{Heap before GC invocations=32 (full 1):
 garbage-first heap   total 86016K, used 66874K [0x0000000082a00000, 0x0000000100000000)
  region size 1024K, 31 young (31744K), 3 survivors (3072K)
 Metaspace       used 77576K, committed 78208K, reserved 1122304K
  class space    used 11383K, committed 11712K, reserved 1048576K
}
Event: 72.165 GC heap after
{Heap after GC invocations=33 (full 1):
 garbage-first heap   total 86016K, used 39359K [0x0000000082a00000, 0x0000000100000000)
  region size 1024K, 4 young (4096K), 4 survivors (4096K)
 Metaspace       used 77576K, committed 78208K, reserved 1122304K
  class space    used 11383K, committed 11712K, reserved 1048576K
}
Event: 72.437 GC heap before
{Heap before GC invocations=34 (full 1):
 garbage-first heap   total 86016K, used 67007K [0x0000000082a00000, 0x0000000100000000)
  region size 1024K, 31 young (31744K), 4 survivors (4096K)
 Metaspace       used 77598K, committed 78272K, reserved 1122304K
  class space    used 11367K, committed 11712K, reserved 1048576K
}
Event: 72.440 GC heap after
{Heap after GC invocations=35 (full 1):
 garbage-first heap   total 86016K, used 40155K [0x0000000082a00000, 0x0000000100000000)
  region size 1024K, 3 young (3072K), 3 survivors (3072K)
 Metaspace       used 77598K, committed 78272K, reserved 1122304K
  class space    used 11367K, committed 11712K, reserved 1048576K
}
Event: 73.108 GC heap before
{Heap before GC invocations=35 (full 1):
 garbage-first heap   total 86016K, used 68827K [0x0000000082a00000, 0x0000000100000000)
  region size 1024K, 31 young (31744K), 3 survivors (3072K)
 Metaspace       used 77662K, committed 78272K, reserved 1122304K
  class space    used 11371K, committed 11712K, reserved 1048576K
}
Event: 73.116 GC heap after
{Heap after GC invocations=36 (full 1):
 garbage-first heap   total 86016K, used 41859K [0x0000000082a00000, 0x0000000100000000)
  region size 1024K, 4 young (4096K), 4 survivors (4096K)
 Metaspace       used 77662K, committed 78272K, reserved 1122304K
  class space    used 11371K, committed 11712K, reserved 1048576K
}

